0 info it worked if it ends with ok
1 verbose cli [ 'C:\\Program Files\\nodejs\\node.exe',
1 verbose cli   'C:\\Program Files\\nodejs\\node_modules\\npm\\bin\\npm-cli.js',
1 verbose cli   'install',
1 verbose cli   'node-gd' ]
2 info using npm@3.6.0
3 info using node@v5.6.0
4 silly loadCurrentTree Starting
5 silly install loadCurrentTree
6 silly install readLocalPackageData
7 silly fetchPackageMetaData node-gd@^1.2.0
8 silly fetchNamedPackageData node-gd
9 silly mapToRegistry name node-gd
10 silly mapToRegistry using default registry
11 silly mapToRegistry registry https://registry.npmjs.org/
12 silly mapToRegistry uri https://registry.npmjs.org/node-gd
13 verbose request uri https://registry.npmjs.org/node-gd
14 verbose request no auth needed
15 info attempt registry request try #1 at 10:23:07 PM
16 verbose request id 647bc1d501d0963c
17 verbose etag "9LW7MXCZ40KW0KXSNAPLWEZOS"
18 http request GET https://registry.npmjs.org/node-gd
19 http 304 https://registry.npmjs.org/node-gd
20 verbose headers { date: 'Thu, 07 Apr 2016 20:23:31 GMT',
20 verbose headers   via: '1.1 varnish',
20 verbose headers   'cache-control': 'max-age=300',
20 verbose headers   etag: '"9LW7MXCZ40KW0KXSNAPLWEZOS"',
20 verbose headers   age: '56',
20 verbose headers   connection: 'keep-alive',
20 verbose headers   'x-served-by': 'cache-ams4138-AMS',
20 verbose headers   'x-cache': 'HIT',
20 verbose headers   'x-cache-hits': '1',
20 verbose headers   'x-timer': 'S1460060611.705559,VS0,VE0',
20 verbose headers   vary: 'Accept-Encoding' }
21 silly get cb [ 304,
21 silly get   { date: 'Thu, 07 Apr 2016 20:23:31 GMT',
21 silly get     via: '1.1 varnish',
21 silly get     'cache-control': 'max-age=300',
21 silly get     etag: '"9LW7MXCZ40KW0KXSNAPLWEZOS"',
21 silly get     age: '56',
21 silly get     connection: 'keep-alive',
21 silly get     'x-served-by': 'cache-ams4138-AMS',
21 silly get     'x-cache': 'HIT',
21 silly get     'x-cache-hits': '1',
21 silly get     'x-timer': 'S1460060611.705559,VS0,VE0',
21 silly get     vary: 'Accept-Encoding' } ]
22 verbose etag https://registry.npmjs.org/node-gd from cache
23 verbose get saving node-gd to C:\Users\Ichiroku\AppData\Roaming\npm-cache\registry.npmjs.org\node-gd\.cache.json
24 verbose correctMkdir C:\Users\Ichiroku\AppData\Roaming\npm-cache correctMkdir not in flight; initializing
25 silly install normalizeTree
26 silly loadCurrentTree Finishing
27 silly loadIdealTree Starting
28 silly install loadIdealTree
29 silly cloneCurrentTree Starting
30 silly install cloneCurrentTreeToIdealTree
31 silly cloneCurrentTree Finishing
32 silly loadShrinkwrap Starting
33 silly install loadShrinkwrap
34 silly loadShrinkwrap Finishing
35 silly loadAllDepsIntoIdealTree Starting
36 silly install loadAllDepsIntoIdealTree
37 silly rollbackFailedOptional Starting
38 silly rollbackFailedOptional Finishing
39 silly runTopLevelLifecycles Starting
40 silly runTopLevelLifecycles Finishing
41 silly install printInstalled
42 verbose stack Error: Unsupported platform for node-gd@1.2.0: wanted {"name":"node-gd","version":"1.2.0","description":"GD graphics library (libgd) C++ bindings for Node.js","main":"js/node-gd.js","directories":{"test":"test"},"os":["!win32"],"homepage":"https://github.com/y-a-v-a/node-gd","bugs":{"url":"https://github.com/y-a-v-a/node-gd/issues"},"scripts":{"pretest":"node-gyp rebuild","test":"mocha --reporter spec --bail --ui bdd --colors test/test.js","install":"node-gyp rebuild"},"repository":{"type":"git","url":"git://github.com/y-a-v-a/node-gd.git"},"keywords":["libgd","libgd2","gd","image","png","jpg","jpeg","gif","graphics","library"],"author":{"name":"Taegon Kim","email":"gonom9@gmail.com"},"license":"MIT","contributors":[{"name":"Dudochkin Victor","email":"blacksmith@gogoo.ru"},{"name":"Andris Reinman","email":"andris@node.ee"},{"name":"Peter Magnusson"},{"name":"Damian Senn","email":"damian.senn@adfinis-sygroup.ch"},{"name":"Farrin Reid"},{"name":"Josh","url":"zer0x304"},{"name":"Mike Smullin","email":"mike@smullindesign.com"},{"name":"Vincent Bruijn","email":"vebruijn@gmail.com","url":"y_a_v_a"}],"gypfile":true,"devDependencies":{"chai":"3.5.0","mocha":"2.4.5"},"dependencies":{"node-gyp":"3.3.1","nan":"2.2.0"},"gitHead":"cd2c79b6cedec27034c1dc3846f5a311fb51ec0e","_id":"node-gd@1.2.0","_npmVersion":"3.7.5","_nodeVersion":"4.3.1","_npmUser":{"name":"y-a-v-a","email":"vebruijn@gmail.com"},"dist":{"shasum":"a40917758cf68e1988539dcc44d6201cdd3903b7","tarball":"https://registry.npmjs.org/node-gd/-/node-gd-1.2.0.tgz"},"maintainers":[{"name":"y-a-v-a","email":"vebruijn@gmail.com"}],"_npmOperationalInternal":{"host":"packages-12-west.internal.npmjs.com","tmp":"tmp/node-gd-1.2.0.tgz_1458812652388_0.7698745573870838"},"_requested":{"raw":"node-gd@^1.2.0","scope":null,"name":"node-gd","rawSpec":"^1.2.0","spec":">=1.2.0 <2.0.0","type":"range"},"_spec":"node-gd@^1.2.0","_where":"D:\\Projects\\sempaibot","_args":[["node-gd@^1.2.0","D:\\Projects\\sempaibot"]],"readme":"ERROR: No README data found!"} (current: {"os":"win32","cpu":"x64"})
42 verbose stack     at checkPlatform (C:\Program Files\nodejs\node_modules\npm\node_modules\npm-install-checks\index.js:45:14)
42 verbose stack     at thenWarnEngineIssues (C:\Program Files\nodejs\node_modules\npm\lib\install\validate-args.js:41:5)
42 verbose stack     at C:\Program Files\nodejs\node_modules\npm\node_modules\iferr\index.js:13:50
42 verbose stack     at checkEngine (C:\Program Files\nodejs\node_modules\npm\node_modules\npm-install-checks\index.js:10:20)
42 verbose stack     at module.exports.isInstallable (C:\Program Files\nodejs\node_modules\npm\lib\install\validate-args.js:38:3)
42 verbose stack     at Array.<anonymous> (C:\Program Files\nodejs\node_modules\npm\node_modules\slide\lib\bind-actor.js:15:8)
42 verbose stack     at LOOP (C:\Program Files\nodejs\node_modules\npm\node_modules\slide\lib\chain.js:15:14)
42 verbose stack     at C:\Program Files\nodejs\node_modules\npm\node_modules\slide\lib\chain.js:18:7
42 verbose stack     at checkSelf (C:\Program Files\nodejs\node_modules\npm\lib\install\validate-args.js:46:72)
42 verbose stack     at Array.<anonymous> (C:\Program Files\nodejs\node_modules\npm\node_modules\slide\lib\bind-actor.js:15:8)
43 verbose pkgid node-gd@1.2.0
44 verbose cwd D:\Projects\sempaibot
45 error Windows_NT 10.0.10586
46 error argv "C:\\Program Files\\nodejs\\node.exe" "C:\\Program Files\\nodejs\\node_modules\\npm\\bin\\npm-cli.js" "install" "node-gd"
47 error node v5.6.0
48 error npm  v3.6.0
49 error code EBADPLATFORM
50 error notsup Not compatible with your operating system or architecture: node-gd@1.2.0
51 error notsup Valid OS:    !win32
51 error notsup Valid Arch:  any
51 error notsup Actual OS:   win32
51 error notsup Actual Arch: x64
52 verbose exit [ 1, true ]
